Start testing: Jan 07 20:23 GMT
----------------------------------------------------------
1/1 Testing: LimitOrderBookTest
1/1 Test: LimitOrderBookTest
Command: "/Users/mac/Documents/c++/limitorderbook/test/LimitOrderBookTest"
Directory: /Users/mac/Documents/c++/limitorderbook/test
"LimitOrderBookTest" start time: Jan 07 20:23 GMT
Output:
----------------------------------------------------------
Running main() from /Users/mac/Documents/c++/limitorderbook/googletest/googletest/src/gtest_main.cc
[==========] Running 1 test from 1 test suite.
[----------] Global test environment set-up.
[----------] 1 test from LimitTests
[ RUN      ] LimitTests.HelloWorldTest
Hello SetUp
Hello TearDown
[       OK ] LimitTests.HelloWorldTest (0 ms)
[----------] 1 test from LimitTests (0 ms total)

[----------] Global test environment tear-down
[==========] 1 test from 1 test suite ran. (0 ms total)
[  PASSED  ] 1 test.
<end of output>
Test time =   0.25 sec
----------------------------------------------------------
Test Passed.
"LimitOrderBookTest" end time: Jan 07 20:23 GMT
"LimitOrderBookTest" time elapsed: 00:00:00
----------------------------------------------------------

End testing: Jan 07 20:23 GMT
